<?xml version="1.0" encoding="UTF-8"?>
<!-- Generated by org.testng.reporters.JUnitXMLReporter -->
<testsuite hostname="DESKTOP-LVNNG7C" name="Default test" tests="8" failures="0" timestamp="21 Apr 2021 18:50:32 GMT" time="20.784" errors="0">
  <testcase name="getspecial" time="0.686" classname="testScripts.automationTsng"/>
  <testcase name="getnewproducts" time="0.858" classname="testScripts.automationTsng"/>
  <testcase name="getbestSellers" time="0.896" classname="testScripts.automationTsng"/>
  <testcase name="getourStores" time="0.065" classname="testScripts.automationTsng"/>
  <testcase name="getContactus" time="0.762" classname="testScripts.automationTsng"/>
  <testcase name="getTermsandCondition" time="1.459" classname="testScripts.automationTsng"/>
  <testcase name="getaboutUs" time="0.952" classname="testScripts.automationTsng"/>
  <testcase name="getSiteMap" time="2.037" classname="testScripts.automationTsng"/>
</testsuite> <!-- Default test -->
